0 info it worked if it ends with ok
1 verbose cli [ '/usr/local/bin/node',
1 verbose cli   '/usr/local/bin/npm',
1 verbose cli   'install',
1 verbose cli   '--save',
1 verbose cli   'oracle@0.3.9' ]
2 info using npm@3.10.10
3 info using node@v6.9.3
4 silly loadCurrentTree Starting
5 silly install loadCurrentTree
6 silly install readLocalPackageData
7 silly fetchPackageMetaData oracle@0.3.9
8 silly fetchNamedPackageData oracle
9 silly mapToRegistry name oracle
10 silly mapToRegistry using default registry
11 silly mapToRegistry registry https://registry.npmjs.org/
12 silly mapToRegistry data Result {
12 silly mapToRegistry   raw: 'oracle',
12 silly mapToRegistry   scope: null,
12 silly mapToRegistry   escapedName: 'oracle',
12 silly mapToRegistry   name: 'oracle',
12 silly mapToRegistry   rawSpec: '',
12 silly mapToRegistry   spec: 'latest',
12 silly mapToRegistry   type: 'tag' }
13 silly mapToRegistry uri https://registry.npmjs.org/oracle
14 verbose request uri https://registry.npmjs.org/oracle
15 verbose request no auth needed
16 info attempt registry request try #1 at 4:03:49 PM
17 verbose request id db9812cacc52a053
18 verbose etag W/"5859be65-4919"
19 verbose lastModified Tue, 20 Dec 2016 23:27:33 GMT
20 http request GET https://registry.npmjs.org/oracle
21 http 304 https://registry.npmjs.org/oracle
22 verbose headers { date: 'Sat, 25 Feb 2017 22:03:49 GMT',
22 verbose headers   via: '1.1 varnish',
22 verbose headers   'cache-control': 'max-age=300',
22 verbose headers   etag: 'W/"5859be65-4919"',
22 verbose headers   age: '0',
22 verbose headers   connection: 'keep-alive',
22 verbose headers   'x-served-by': 'cache-dfw1840-DFW',
22 verbose headers   'x-cache': 'HIT',
22 verbose headers   'x-cache-hits': '1',
22 verbose headers   'x-timer': 'S1488060229.411663,VS0,VE173',
22 verbose headers   vary: 'Accept-Encoding' }
23 silly get cb [ 304,
23 silly get   { date: 'Sat, 25 Feb 2017 22:03:49 GMT',
23 silly get     via: '1.1 varnish',
23 silly get     'cache-control': 'max-age=300',
23 silly get     etag: 'W/"5859be65-4919"',
23 silly get     age: '0',
23 silly get     connection: 'keep-alive',
23 silly get     'x-served-by': 'cache-dfw1840-DFW',
23 silly get     'x-cache': 'HIT',
23 silly get     'x-cache-hits': '1',
23 silly get     'x-timer': 'S1488060229.411663,VS0,VE173',
23 silly get     vary: 'Accept-Encoding' } ]
24 verbose etag https://registry.npmjs.org/oracle from cache
25 verbose get saving oracle to /Users/danieldekerlegand/.npm/registry.npmjs.org/oracle/.cache.json
26 verbose correctMkdir /Users/danieldekerlegand/.npm correctMkdir not in flight; initializing
27 silly install normalizeTree
28 silly loadCurrentTree Finishing
29 silly loadIdealTree Starting
30 silly install loadIdealTree
31 silly cloneCurrentTree Starting
32 silly install cloneCurrentTreeToIdealTree
33 silly cloneCurrentTree Finishing
34 silly loadShrinkwrap Starting
35 silly install loadShrinkwrap
36 silly loadShrinkwrap Finishing
37 silly loadAllDepsIntoIdealTree Starting
38 silly install loadAllDepsIntoIdealTree
39 silly resolveWithNewModule oracle@0.3.9 checking installable status
40 silly cache add args [ 'oracle@0.3.9', null ]
41 verbose cache add spec oracle@0.3.9
42 silly cache add parsed spec Result {
42 silly cache add   raw: 'oracle@0.3.9',
42 silly cache add   scope: null,
42 silly cache add   escapedName: 'oracle',
42 silly cache add   name: 'oracle',
42 silly cache add   rawSpec: '0.3.9',
42 silly cache add   spec: '0.3.9',
42 silly cache add   type: 'version' }
43 silly addNamed oracle@0.3.9
44 verbose addNamed "0.3.9" is a plain semver version for oracle
45 silly mapToRegistry name oracle
46 silly mapToRegistry using default registry
47 silly mapToRegistry registry https://registry.npmjs.org/
48 silly mapToRegistry data Result {
48 silly mapToRegistry   raw: 'oracle',
48 silly mapToRegistry   scope: null,
48 silly mapToRegistry   escapedName: 'oracle',
48 silly mapToRegistry   name: 'oracle',
48 silly mapToRegistry   rawSpec: '',
48 silly mapToRegistry   spec: 'latest',
48 silly mapToRegistry   type: 'tag' }
49 silly mapToRegistry uri https://registry.npmjs.org/oracle
50 verbose addNameVersion registry:https://registry.npmjs.org/oracle not in flight; fetching
51 verbose get https://registry.npmjs.org/oracle not expired, no request
52 silly cache afterAdd oracle@0.3.9
53 verbose afterAdd /Users/danieldekerlegand/.npm/oracle/0.3.9/package/package.json not in flight; writing
54 verbose correctMkdir /Users/danieldekerlegand/.npm correctMkdir not in flight; initializing
55 verbose afterAdd /Users/danieldekerlegand/.npm/oracle/0.3.9/package/package.json written
56 silly loadAllDepsIntoIdealTree Finishing
57 silly loadIdealTree Finishing
58 silly currentTree wiki-cat-tree@0.0.0
58 silly currentTree ├── accepts@1.3.3
58 silly currentTree ├── align-text@0.1.4
58 silly currentTree ├── amdefine@1.0.1
58 silly currentTree ├── array-flatten@1.1.1
58 silly currentTree ├── async@1.5.2
58 silly currentTree ├── basic-auth@1.0.4
58 silly currentTree ├── body-parser@1.16.1
58 silly currentTree ├── bytes@2.4.0
58 silly currentTree ├── camelcase@1.2.1
58 silly currentTree ├── center-align@0.1.3
58 silly currentTree ├─┬ cliui@2.1.0
58 silly currentTree │ └── wordwrap@0.0.2
58 silly currentTree ├── content-disposition@0.5.2
58 silly currentTree ├── content-type@1.0.2
58 silly currentTree ├── cookie-parser@1.4.3
58 silly currentTree ├── cookie-signature@1.0.6
58 silly currentTree ├── cookie@0.3.1
58 silly currentTree ├── debug@2.6.1
58 silly currentTree ├── decamelize@1.2.0
58 silly currentTree ├── depd@1.1.0
58 silly currentTree ├── destroy@1.0.4
58 silly currentTree ├── dotenv@4.0.0
58 silly currentTree ├── ee-first@1.1.1
58 silly currentTree ├── encodeurl@1.0.1
58 silly currentTree ├── escape-html@1.0.3
58 silly currentTree ├── etag@1.7.0
58 silly currentTree ├─┬ express@4.14.1
58 silly currentTree │ ├── debug@2.2.0
58 silly currentTree │ ├── ms@0.7.1
58 silly currentTree │ └── qs@6.2.0
58 silly currentTree ├─┬ finalhandler@0.5.1
58 silly currentTree │ ├── debug@2.2.0
58 silly currentTree │ └── ms@0.7.1
58 silly currentTree ├── foreachasync@3.0.0
58 silly currentTree ├── forwarded@0.1.0
58 silly currentTree ├── fresh@0.3.0
58 silly currentTree ├── handlebars@4.0.5
58 silly currentTree ├── hbs@4.0.1
58 silly currentTree ├── http-errors@1.5.1
58 silly currentTree ├── iconv-lite@0.4.15
58 silly currentTree ├── inherits@2.0.3
58 silly currentTree ├── ipaddr.js@1.2.0
58 silly currentTree ├── is-buffer@1.1.4
58 silly currentTree ├── kind-of@3.1.0
58 silly currentTree ├── lazy-cache@1.0.4
58 silly currentTree ├── longest@1.0.1
58 silly currentTree ├── media-typer@0.3.0
58 silly currentTree ├── merge-descriptors@1.0.1
58 silly currentTree ├── methods@1.1.2
58 silly currentTree ├── mime-db@1.26.0
58 silly currentTree ├── mime-types@2.1.14
58 silly currentTree ├── mime@1.3.4
58 silly currentTree ├── minimist@0.0.10
58 silly currentTree ├─┬ morgan@1.7.0
58 silly currentTree │ ├── debug@2.2.0
58 silly currentTree │ └── ms@0.7.1
58 silly currentTree ├── ms@0.7.2
58 silly currentTree ├── nan@2.4.0
58 silly currentTree ├── negotiator@0.6.1
58 silly currentTree ├── on-finished@2.3.0
58 silly currentTree ├── on-headers@1.0.1
58 silly currentTree ├── optimist@0.6.1
58 silly currentTree ├── oracledb@1.12.2
58 silly currentTree ├── parseurl@1.3.1
58 silly currentTree ├── path-to-regexp@0.1.7
58 silly currentTree ├── proxy-addr@1.1.3
58 silly currentTree ├── qs@6.2.1
58 silly currentTree ├── range-parser@1.2.0
58 silly currentTree ├── raw-body@2.2.0
58 silly currentTree ├── repeat-string@1.6.1
58 silly currentTree ├── right-align@0.1.3
58 silly currentTree ├─┬ send@0.14.2
58 silly currentTree │ └─┬ debug@2.2.0
58 silly currentTree │   └── ms@0.7.1
58 silly currentTree ├── serve-favicon@2.3.2
58 silly currentTree ├── serve-static@1.11.2
58 silly currentTree ├── setprototypeof@1.0.2
58 silly currentTree ├── source-map@0.4.4
58 silly currentTree ├── statuses@1.3.1
58 silly currentTree ├── type-is@1.6.14
58 silly currentTree ├─┬ uglify-js@2.7.5
58 silly currentTree │ ├── async@0.2.10
58 silly currentTree │ └── source-map@0.5.6
58 silly currentTree ├── uglify-to-browserify@1.0.2
58 silly currentTree ├── unpipe@1.0.0
58 silly currentTree ├── utils-merge@1.0.0
58 silly currentTree ├── vary@1.1.0
58 silly currentTree ├── walk@2.3.9
58 silly currentTree ├── window-size@0.1.0
58 silly currentTree ├── wordwrap@0.0.3
58 silly currentTree └── yargs@3.10.0
59 silly idealTree wiki-cat-tree@0.0.0
59 silly idealTree ├── accepts@1.3.3
59 silly idealTree ├── align-text@0.1.4
59 silly idealTree ├── amdefine@1.0.1
59 silly idealTree ├── array-flatten@1.1.1
59 silly idealTree ├── async@1.5.2
59 silly idealTree ├── basic-auth@1.0.4
59 silly idealTree ├── body-parser@1.16.1
59 silly idealTree ├── bytes@2.4.0
59 silly idealTree ├── camelcase@1.2.1
59 silly idealTree ├── center-align@0.1.3
59 silly idealTree ├─┬ cliui@2.1.0
59 silly idealTree │ └── wordwrap@0.0.2
59 silly idealTree ├── content-disposition@0.5.2
59 silly idealTree ├── content-type@1.0.2
59 silly idealTree ├── cookie-parser@1.4.3
59 silly idealTree ├── cookie-signature@1.0.6
59 silly idealTree ├── cookie@0.3.1
59 silly idealTree ├── debug@2.6.1
59 silly idealTree ├── decamelize@1.2.0
59 silly idealTree ├── depd@1.1.0
59 silly idealTree ├── destroy@1.0.4
59 silly idealTree ├── dotenv@4.0.0
59 silly idealTree ├── ee-first@1.1.1
59 silly idealTree ├── encodeurl@1.0.1
59 silly idealTree ├── escape-html@1.0.3
59 silly idealTree ├── etag@1.7.0
59 silly idealTree ├─┬ express@4.14.1
59 silly idealTree │ ├── debug@2.2.0
59 silly idealTree │ ├── ms@0.7.1
59 silly idealTree │ └── qs@6.2.0
59 silly idealTree ├─┬ finalhandler@0.5.1
59 silly idealTree │ ├── debug@2.2.0
59 silly idealTree │ └── ms@0.7.1
59 silly idealTree ├── foreachasync@3.0.0
59 silly idealTree ├── forwarded@0.1.0
59 silly idealTree ├── fresh@0.3.0
59 silly idealTree ├── handlebars@4.0.5
59 silly idealTree ├── hbs@4.0.1
59 silly idealTree ├── http-errors@1.5.1
59 silly idealTree ├── iconv-lite@0.4.15
59 silly idealTree ├── inherits@2.0.3
59 silly idealTree ├── ipaddr.js@1.2.0
59 silly idealTree ├── is-buffer@1.1.4
59 silly idealTree ├── kind-of@3.1.0
59 silly idealTree ├── lazy-cache@1.0.4
59 silly idealTree ├── longest@1.0.1
59 silly idealTree ├── media-typer@0.3.0
59 silly idealTree ├── merge-descriptors@1.0.1
59 silly idealTree ├── methods@1.1.2
59 silly idealTree ├── mime-db@1.26.0
59 silly idealTree ├── mime-types@2.1.14
59 silly idealTree ├── mime@1.3.4
59 silly idealTree ├── minimist@0.0.10
59 silly idealTree ├─┬ morgan@1.7.0
59 silly idealTree │ ├── debug@2.2.0
59 silly idealTree │ └── ms@0.7.1
59 silly idealTree ├── ms@0.7.2
59 silly idealTree ├── nan@2.4.0
59 silly idealTree ├── negotiator@0.6.1
59 silly idealTree ├── on-finished@2.3.0
59 silly idealTree ├── on-headers@1.0.1
59 silly idealTree ├── optimist@0.6.1
59 silly idealTree ├── oracle@0.3.9
59 silly idealTree ├── oracledb@1.12.2
59 silly idealTree ├── parseurl@1.3.1
59 silly idealTree ├── path-to-regexp@0.1.7
59 silly idealTree ├── proxy-addr@1.1.3
59 silly idealTree ├── qs@6.2.1
59 silly idealTree ├── range-parser@1.2.0
59 silly idealTree ├── raw-body@2.2.0
59 silly idealTree ├── repeat-string@1.6.1
59 silly idealTree ├── right-align@0.1.3
59 silly idealTree ├─┬ send@0.14.2
59 silly idealTree │ └─┬ debug@2.2.0
59 silly idealTree │   └── ms@0.7.1
59 silly idealTree ├── serve-favicon@2.3.2
59 silly idealTree ├── serve-static@1.11.2
59 silly idealTree ├── setprototypeof@1.0.2
59 silly idealTree ├── source-map@0.4.4
59 silly idealTree ├── statuses@1.3.1
59 silly idealTree ├── type-is@1.6.14
59 silly idealTree ├─┬ uglify-js@2.7.5
59 silly idealTree │ ├── async@0.2.10
59 silly idealTree │ └── source-map@0.5.6
59 silly idealTree ├── uglify-to-browserify@1.0.2
59 silly idealTree ├── unpipe@1.0.0
59 silly idealTree ├── utils-merge@1.0.0
59 silly idealTree ├── vary@1.1.0
59 silly idealTree ├── walk@2.3.9
59 silly idealTree ├── window-size@0.1.0
59 silly idealTree ├── wordwrap@0.0.3
59 silly idealTree └── yargs@3.10.0
60 silly generateActionsToTake Starting
61 silly install generateActionsToTake
62 silly generateActionsToTake Finishing
63 silly diffTrees action count 1
64 silly diffTrees add oracle@0.3.9
65 silly decomposeActions action count 8
66 silly decomposeActions fetch oracle@0.3.9
67 silly decomposeActions extract oracle@0.3.9
68 silly decomposeActions test oracle@0.3.9
69 silly decomposeActions preinstall oracle@0.3.9
70 silly decomposeActions build oracle@0.3.9
71 silly decomposeActions install oracle@0.3.9
72 silly decomposeActions postinstall oracle@0.3.9
73 silly decomposeActions finalize oracle@0.3.9
74 silly runTopLevelLifecycles Starting
75 silly executeActions Starting
76 silly install executeActions
77 silly doSerial global-install 0
78 silly doParallel fetch 1
79 verbose correctMkdir /Users/danieldekerlegand/.npm/_locks correctMkdir not in flight; initializing
80 verbose lock using /Users/danieldekerlegand/.npm/_locks/staging-326974f48a6881ad.lock for /Users/danieldekerlegand/Desktop/UNO/Spring_2017/Big_Data/wiki-cat-tree/node_modules/.staging
81 silly doParallel extract 1
82 silly extract oracle@0.3.9
83 verbose unbuild node_modules/.staging/oracle-e7b43011
84 silly gentlyRm /Users/danieldekerlegand/Desktop/UNO/Spring_2017/Big_Data/wiki-cat-tree/node_modules/.staging/oracle-e7b43011 is being purged from base /Users/danieldekerlegand/Desktop/UNO/Spring_2017/Big_Data/wiki-cat-tree
85 verbose gentlyRm don't care about contents; nuking /Users/danieldekerlegand/Desktop/UNO/Spring_2017/Big_Data/wiki-cat-tree/node_modules/.staging/oracle-e7b43011
86 verbose tar unpack /Users/danieldekerlegand/.npm/oracle/0.3.9/package.tgz
87 verbose tar unpacking to /Users/danieldekerlegand/Desktop/UNO/Spring_2017/Big_Data/wiki-cat-tree/node_modules/.staging/oracle-e7b43011
88 silly gentlyRm /Users/danieldekerlegand/Desktop/UNO/Spring_2017/Big_Data/wiki-cat-tree/node_modules/.staging/oracle-e7b43011 is being purged
89 verbose gentlyRm don't care about contents; nuking /Users/danieldekerlegand/Desktop/UNO/Spring_2017/Big_Data/wiki-cat-tree/node_modules/.staging/oracle-e7b43011
90 silly gunzTarPerm modes [ '755', '644' ]
91 silly gunzTarPerm extractEntry package.json
92 silly gunzTarPerm extractEntry .npmignore
93 silly gunzTarPerm extractEntry README.md
94 silly gunzTarPerm extractEntry LICENSE
95 silly gunzTarPerm extractEntry index.js
96 silly gunzTarPerm extractEntry INSTALL.md
97 silly gunzTarPerm extractEntry lib/oracle.js
98 silly gunzTarPerm extractEntry binding.gyp
99 silly gunzTarPerm extractEntry src/outParam.h
100 silly gunzTarPerm extractEntry src/commitBaton.h
101 silly gunzTarPerm extractEntry src/connection.h
102 silly gunzTarPerm extractEntry src/executeBaton.cpp
103 silly gunzTarPerm extractEntry src/executeBaton.h
104 silly gunzTarPerm extractEntry src/nodeOracleException.h
105 silly gunzTarPerm extractEntry src/oracle_bindings.cpp
106 silly gunzTarPerm extractEntry src/oracle_bindings.h
107 silly gunzTarPerm extractEntry src/outParam.cpp
108 silly gunzTarPerm extractEntry src/connection.cpp
109 silly gunzTarPerm extractEntry src/reader.cpp
110 silly gunzTarPerm extractEntry src/reader.h
111 silly gunzTarPerm extractEntry src/readerBaton.h
112 silly gunzTarPerm extractEntry src/rollbackBaton.h
113 silly gunzTarPerm extractEntry src/statement.cpp
114 silly gunzTarPerm extractEntry src/statement.h
115 silly gunzTarPerm extractEntry src/statementBaton.h
116 silly gunzTarPerm extractEntry src/utils.h
117 silly gunzTarPerm extractEntry test/assocArrays.js
118 silly gunzTarPerm extractEntry test/integration.js
119 silly gunzTarPerm extractEntry test/outparams.js
120 silly gunzTarPerm extractEntry test/prepare.js
121 silly gunzTarPerm extractEntry test/reader.js
122 silly gunzTarPerm extractEntry tests-settings.json
123 silly gentlyRm /Users/danieldekerlegand/Desktop/UNO/Spring_2017/Big_Data/wiki-cat-tree/node_modules/.staging/oracle-e7b43011/node_modules is being purged
124 verbose gentlyRm don't care about contents; nuking /Users/danieldekerlegand/Desktop/UNO/Spring_2017/Big_Data/wiki-cat-tree/node_modules/.staging/oracle-e7b43011/node_modules
125 silly doParallel preinstall 1
126 silly preinstall oracle@0.3.9 /Users/danieldekerlegand/Desktop/UNO/Spring_2017/Big_Data/wiki-cat-tree/node_modules/.staging/oracle-e7b43011
127 info lifecycle oracle@0.3.9~preinstall: oracle@0.3.9
128 silly lifecycle oracle@0.3.9~preinstall: no script for preinstall, continuing
129 silly doReverseSerial remove 0
130 silly doSerial move 0
131 silly doSerial finalize 1
132 silly finalize /Users/danieldekerlegand/Desktop/UNO/Spring_2017/Big_Data/wiki-cat-tree/node_modules/oracle
133 silly doSerial build 1
134 silly build oracle@0.3.9
135 info linkStuff oracle@0.3.9
136 silly linkStuff oracle@0.3.9 has /Users/danieldekerlegand/Desktop/UNO/Spring_2017/Big_Data/wiki-cat-tree/node_modules as its parent node_modules
137 verbose linkBins oracle@0.3.9
138 verbose linkMans oracle@0.3.9
139 silly doSerial global-link 0
140 silly doParallel update-linked 0
141 silly doSerial install 1
142 silly install oracle@0.3.9 /Users/danieldekerlegand/Desktop/UNO/Spring_2017/Big_Data/wiki-cat-tree/node_modules/.staging/oracle-e7b43011
143 info lifecycle oracle@0.3.9~install: oracle@0.3.9
144 verbose lifecycle oracle@0.3.9~install: unsafe-perm in lifecycle true
145 verbose lifecycle oracle@0.3.9~install: PATH: /usr/local/lib/node_modules/npm/bin/node-gyp-bin:/Users/danieldekerlegand/Desktop/UNO/Spring_2017/Big_Data/wiki-cat-tree/node_modules/oracle/node_modules/.bin:/Users/danieldekerlegand/Desktop/UNO/Spring_2017/Big_Data/wiki-cat-tree/node_modules/.bin:/Users/danieldekerlegand/.rbenv/shims:/usr/local/bin:/usr/bin:/bin:/usr/sbin:/sbin:/Users/danieldekerlegand/Library/Android/sdk/tools:/Users/danieldekerlegand/Library/Android/sdk/platform-tools:/Users/danieldekerlegand/npm/bin:/Users/danieldekerlegand/Library/Android/sdk/tools:/Users/danieldekerlegand/Library/Android/sdk/platform-tools
146 verbose lifecycle oracle@0.3.9~install: CWD: /Users/danieldekerlegand/Desktop/UNO/Spring_2017/Big_Data/wiki-cat-tree/node_modules/oracle
147 silly lifecycle oracle@0.3.9~install: Args: [ '-c', 'node-gyp rebuild' ]
148 silly lifecycle oracle@0.3.9~install: Returned: code: 1  signal: null
149 info lifecycle oracle@0.3.9~install: Failed to exec install script
150 verbose unlock done using /Users/danieldekerlegand/.npm/_locks/staging-326974f48a6881ad.lock for /Users/danieldekerlegand/Desktop/UNO/Spring_2017/Big_Data/wiki-cat-tree/node_modules/.staging
151 silly rollbackFailedOptional Starting
152 silly rollbackFailedOptional Finishing
153 silly runTopLevelLifecycles Finishing
154 silly install printInstalled
155 verbose stack Error: oracle@0.3.9 install: `node-gyp rebuild`
155 verbose stack Exit status 1
155 verbose stack     at EventEmitter.<anonymous> (/usr/local/lib/node_modules/npm/lib/utils/lifecycle.js:255:16)
155 verbose stack     at emitTwo (events.js:106:13)
155 verbose stack     at EventEmitter.emit (events.js:191:7)
155 verbose stack     at ChildProcess.<anonymous> (/usr/local/lib/node_modules/npm/lib/utils/spawn.js:40:14)
155 verbose stack     at emitTwo (events.js:106:13)
155 verbose stack     at ChildProcess.emit (events.js:191:7)
155 verbose stack     at maybeClose (internal/child_process.js:877:16)
155 verbose stack     at Process.ChildProcess._handle.onexit (internal/child_process.js:226:5)
156 verbose pkgid oracle@0.3.9
157 verbose cwd /Users/danieldekerlegand/Desktop/UNO/Spring_2017/Big_Data/wiki-cat-tree
158 error Darwin 16.4.0
159 error argv "/usr/local/bin/node" "/usr/local/bin/npm" "install" "--save" "oracle@0.3.9"
160 error node v6.9.3
161 error npm  v3.10.10
162 error code ELIFECYCLE
163 error oracle@0.3.9 install: `node-gyp rebuild`
163 error Exit status 1
164 error Failed at the oracle@0.3.9 install script 'node-gyp rebuild'.
164 error Make sure you have the latest version of node.js and npm installed.
164 error If you do, this is most likely a problem with the oracle package,
164 error not with npm itself.
164 error Tell the author that this fails on your system:
164 error     node-gyp rebuild
164 error You can get information on how to open an issue for this project with:
164 error     npm bugs oracle
164 error Or if that isn't available, you can get their info via:
164 error     npm owner ls oracle
164 error There is likely additional logging output above.
165 verbose exit [ 1, true ]
